<?xml version="1.0" encoding="utf-8"?><testsuites name="pytest tests"><testsuite name="pytest" errors="0" failures="0" skipped="0" tests="21" time="6.920" timestamp="2026-07-13T13:24:26.409410+00:00" hostname="agent-env-47c86c76-23ba-4110-af7c-1df84331fd28"><testcase classname="backend.tests.test_fleetflow.TestAuthAndMe" name="test_login_includes_org" time="0.494" /><testcase classname="backend.tests.test_fleetflow.TestAuthAndMe" name="test_wrong_password_401" time="0.319" /><testcase classname="backend.tests.test_fleetflow.TestOnboarding" name="test_register_org_success_and_redirect_ready" time="0.512" /><testcase classname="backend.tests.test_fleetflow.TestOnboarding" name="test_register_org_validation_errors" time="0.289" /><testcase classname="backend.tests.test_fleetflow.TestOnboarding" name="test_duplicate_org_rejected" time="0.120" /><testcase classname="backend.tests.test_fleetflow.TestDemo" name="test_demo_roles_listed" time="0.100" /><testcase classname="backend.tests.test_fleetflow.TestDemo" name="test_enter_demo_fleet_manager" time="0.194" /><testcase classname="backend.tests.test_fleetflow.TestDemo" name="test_enter_demo_invalid_role" time="0.097" /><testcase classname="backend.tests.test_fleetflow.TestDemo" name="test_demo_org_admin_cannot_manage_users" time="0.196" /><testcase classname="backend.tests.test_fleetflow.TestDemo" name="test_demo_cannot_update_org" time="0.203" /><testcase classname="backend.tests.test_fleetflow.TestDemo" name="test_demo_viewer_readonly" time="0.197" /><testcase classname="backend.tests.test_fleetflow.TestTenantIsolation" name="test_rajguru_sees_only_its_vehicles" time="0.092" /><testcase classname="backend.tests.test_fleetflow.TestTenantIsolation" name="test_acme_sees_zero_vehicles" time="0.505" /><testcase classname="backend.tests.test_fleetflow.TestTenantIsolation" name="test_acme_search_mh12_empty" time="0.112" /><testcase classname="backend.tests.test_fleetflow.TestTenantIsolation" name="test_cross_tenant_create_isolation" time="0.320" /><testcase classname="backend.tests.test_fleetflow.TestExpenses" name="test_overview_shape" time="0.099" /><testcase classname="backend.tests.test_fleetflow.TestExpenses" name="test_insights" time="0.101" /><testcase classname="backend.tests.test_fleetflow.TestExpenses" name="test_budget_create_get_duplicate_delete" time="0.609" /><testcase classname="backend.tests.test_fleetflow.TestExpenses" name="test_budget_invalid_inputs" time="0.293" /><testcase classname="backend.tests.test_fleetflow.TestOrgProfile" name="test_get_org" time="0.108" /><testcase classname="backend.tests.test_fleetflow.TestOrgProfile" name="test_branch_crud" time="1.910" /></testsuite></testsuites>