<?xml version="1.0" encoding="utf-8"?><testsuites name="pytest tests"><testsuite name="pytest" errors="0" failures="0" skipped="0" tests="48" time="81.991" timestamp="2026-06-15T10:51:47.432171+00:00" hostname="agent-env-47c86c76-23ba-4110-af7c-1df84331fd28"><testcase classname="tests.test_fleet_backend.TestRoles" name="test_list_roles" time="0.229" /><testcase classname="tests.test_fleet_backend.TestPagination" name="test_trips_paginated" time="0.105" /><testcase classname="tests.test_fleet_backend.TestPagination" name="test_trips_all" time="0.111" /><testcase classname="tests.test_fleet_backend.TestPagination" name="test_vehicles_paginated" time="0.109" /><testcase classname="tests.test_fleet_backend.TestPagination" name="test_vehicles_all" time="0.092" /><testcase classname="tests.test_fleet_backend.TestPagination" name="test_drivers_paginated" time="0.111" /><testcase classname="tests.test_fleet_backend.TestPagination" name="test_expenses_paginated" time="0.111" /><testcase classname="tests.test_fleet_backend.TestRbacDriver" name="test_driver_cannot_create_document" time="0.214" /><testcase classname="tests.test_fleet_backend.TestRbacDriver" name="test_driver_can_create_trip" time="0.244" /><testcase classname="tests.test_fleet_backend.TestRbacDriver" name="test_driver_cannot_update" time="0.186" /><testcase classname="tests.test_fleet_backend.TestRbacDriver" name="test_driver_cannot_delete" time="0.197" /><testcase classname="tests.test_fleet_backend.TestRbacDataEntry" name="test_data_entry_can_create_document" time="0.395" /><testcase classname="tests.test_fleet_backend.TestRbacAdminDelete" name="test_admin_delete_works" time="0.187" /><testcase classname="tests.test_fleet_backend.TestRepairApproval" name="test_data_entry_cannot_approve" time="68.434" /><testcase classname="tests.test_fleet_backend.TestRepairApproval" name="test_management_can_approve" time="0.388" /><testcase classname="tests.test_fleet_backend.TestDashboard" name="test_dashboard_basic" time="0.107" /><testcase classname="tests.test_fleet_backend.TestDashboard" name="test_dashboard_trends_6_months" time="0.107" /><testcase classname="tests.test_fleet_backend.TestDriverStats" name="test_driver_stats" time="0.198" /><testcase classname="tests.test_fleet_backend.TestFastagSync" name="test_sync_seeded_vehicle" time="0.094" /><testcase classname="tests.test_fleet_backend.TestFastagSync" name="test_sync_unknown_vehicle" time="0.097" /><testcase classname="tests.test_fleet_backend.TestFastagSync" name="test_sync_vehicle_without_fastag" time="3.371" /><testcase classname="tests.test_fleet_backend.TestReports" name="test_list_reports" time="0.091" /><testcase classname="tests.test_fleet_backend.TestReports" name="test_get_trips_report" time="0.094" /><testcase classname="tests.test_fleet_backend.TestReports" name="test_export_excel" time="0.103" /><testcase classname="tests.test_fleet_backend.TestReports" name="test_export_pdf" time="0.102" /><testcase classname="tests.test_fleet_backend.TestExpenseLedger" name="test_ledger" time="0.104" /><testcase classname="tests.test_fleet_backend.TestVehicleSummary" name="test_summary" time="0.103" /><testcase classname="tests.test_fleet_backend.TestDriverExit" name="test_drivers_active_endpoint" time="0.097" /><testcase classname="tests.test_fleet_backend.TestDriverExit" name="test_data_entry_cannot_set_resigned" time="0.328" /><testcase classname="tests.test_fleet_backend.TestDriverExit" name="test_management_can_set_resigned_with_auto_exit_date" time="0.296" /><testcase classname="tests.test_fleet_backend.TestDriverExit" name="test_terminate_requires_management" time="0.391" /><testcase classname="tests.test_fleet_backend.TestDriverExit" name="test_delete_driver_blocked_when_has_trips" time="0.724" /><testcase classname="tests.test_fleet_backend.TestDriverExit" name="test_active_endpoint_excludes_resigned" time="0.401" /><testcase classname="tests.test_fleet_backend.TestVehicleDisposal" name="test_data_entry_cannot_mark_sold" time="0.286" /><testcase classname="tests.test_fleet_backend.TestVehicleDisposal" name="test_management_can_sell_auto_date" time="0.324" /><testcase classname="tests.test_fleet_backend.TestVehicleDisposal" name="test_management_can_scrap_auto_date" time="0.330" /><testcase classname="tests.test_fleet_backend.TestVehicleDisposal" name="test_dashboard_excludes_disposed" time="0.659" /><testcase classname="tests.test_fleet_backend.TestVehicleDisposal" name="test_delete_blocked_when_has_history" time="0.562" /><testcase classname="tests.test_fleet_backend.TestDrilldowns" name="test_docs_expiring" time="0.091" /><testcase classname="tests.test_fleet_backend.TestDrilldowns" name="test_docs_expired" time="0.095" /><testcase classname="tests.test_fleet_backend.TestDrilldowns" name="test_vehicles_under_repair" time="0.093" /><testcase classname="tests.test_fleet_backend.TestDrilldowns" name="test_service_due_windows" time="0.283" /><testcase classname="tests.test_fleet_backend.TestDrilldowns" name="test_top_fuel_consumers" time="0.092" /><testcase classname="tests.test_fleet_backend.TestDrilldowns" name="test_top_cost_vehicles" time="0.098" /><testcase classname="tests.test_fleet_backend.TestDrilldowns" name="test_low_mileage_vehicles" time="0.127" /><testcase classname="tests.test_fleet_backend.TestDrilldowns" name="test_licenses_expiring" time="0.092" /><testcase classname="tests.test_fleet_backend.TestDrilldowns" name="test_active_trips" time="0.091" /><testcase classname="tests.test_fleet_backend.TestDrilldowns" name="test_drilldowns_exclude_disposed_vehicles" time="0.769" /></testsuite></testsuites>