<?xml version="1.0" encoding="utf-8"?><testsuites name="pytest tests"><testsuite name="pytest" errors="0" failures="0" skipped="0" tests="27" time="4.221" timestamp="2026-06-11T09:04:57.918622+00:00" hostname="agent-env-47c86c76-23ba-4110-af7c-1df84331fd28"><testcase classname="backend.tests.test_fleet_backend.TestAuth" name="test_me_with_bearer" time="0.271" /><testcase classname="backend.tests.test_fleet_backend.TestAuth" name="test_protected_requires_auth" time="0.108" /><testcase classname="backend.tests.test_fleet_backend.TestAuth" name="test_invalid_token_401" time="0.047" /><testcase classname="backend.tests.test_fleet_backend.TestVehicles" name="test_list" time="0.049" /><testcase classname="backend.tests.test_fleet_backend.TestVehicles" name="test_create_get_update_delete" time="0.361" /><testcase classname="backend.tests.test_fleet_backend.TestVehicles" name="test_summary_seeded" time="0.117" /><testcase classname="backend.tests.test_fleet_backend.TestDrivers" name="test_create_list_delete" time="0.258" /><testcase classname="backend.tests.test_fleet_backend.TestDocuments" name="test_create_expiring" time="0.104" /><testcase classname="backend.tests.test_fleet_backend.TestTrips" name="test_trip_create_close_updates_odo" time="0.160" /><testcase classname="backend.tests.test_fleet_backend.TestFuel" name="test_two_entries_mileage" time="0.107" /><testcase classname="backend.tests.test_fleet_backend.TestServices" name="test_service_creates_and_dues" time="0.100" /><testcase classname="backend.tests.test_fleet_backend.TestRepairs" name="test_minor_immediately_completed" time="0.049" /><testcase classname="backend.tests.test_fleet_backend.TestRepairs" name="test_major_workflow" time="0.217" /><testcase classname="backend.tests.test_fleet_backend.TestTyres" name="test_tyre_and_replacement_event" time="0.205" /><testcase classname="backend.tests.test_fleet_backend.TestFastag" name="test_recharge_then_toll" time="0.213" /><testcase classname="backend.tests.test_fleet_backend.TestDowntime" name="test_downtime_computes_days" time="0.057" /><testcase classname="backend.tests.test_fleet_backend.TestExpenses" name="test_manual_expense_crud" time="0.159" /><testcase classname="backend.tests.test_fleet_backend.TestExpenses" name="test_ledger_aggregates" time="0.052" /><testcase classname="backend.tests.test_fleet_backend.TestReports" name="test_list_reports" time="0.079" /><testcase classname="backend.tests.test_fleet_backend.TestReports" name="test_generate_trips" time="0.054" /><testcase classname="backend.tests.test_fleet_backend.TestReports" name="test_export_excel" time="0.268" /><testcase classname="backend.tests.test_fleet_backend.TestReports" name="test_export_pdf" time="0.110" /><testcase classname="backend.tests.test_fleet_backend.TestFiles" name="test_upload_and_get" time="0.516" /><testcase classname="backend.tests.test_fleet_backend.TestDashboard" name="test_dashboard" time="0.060" /><testcase classname="backend.tests.test_fleet_backend.TestDashboard" name="test_alerts" time="0.073" /><testcase classname="backend.tests.test_fleet_backend.TestUsers" name="test_list_users" time="0.081" /><testcase classname="backend.tests.test_fleet_backend.TestUsers" name="test_role_update_roundtrip" time="0.240" /></testsuite></testsuites>