<?xml version="1.0" encoding="utf-8"?><testsuites name="pytest tests"><testsuite name="pytest" errors="0" failures="0" skipped="0" tests="32" time="7.011" timestamp="2026-07-13T13:54:34.797000+00:00" hostname="agent-env-47c86c76-23ba-4110-af7c-1df84331fd28"><testcase classname="backend.tests.test_rbac_matrix.TestDriverRBAC" name="test_user_modules" time="0.223" /><testcase classname="backend.tests.test_rbac_matrix.TestDriverRBAC" name="test_forbidden[/reports]" time="0.100" /><testcase classname="backend.tests.test_rbac_matrix.TestDriverRBAC" name="test_forbidden[/fleet-status]" time="0.097" /><testcase classname="backend.tests.test_rbac_matrix.TestDriverRBAC" name="test_forbidden[/compliance]" time="0.105" /><testcase classname="backend.tests.test_rbac_matrix.TestDriverRBAC" name="test_forbidden[/expenses/ledger]" time="0.095" /><testcase classname="backend.tests.test_rbac_matrix.TestDriverRBAC" name="test_forbidden[/expenses/overview]" time="0.106" /><testcase classname="backend.tests.test_rbac_matrix.TestDriverRBAC" name="test_forbidden[/tyres]" time="0.094" /><testcase classname="backend.tests.test_rbac_matrix.TestDriverRBAC" name="test_forbidden[/fastag]" time="0.093" /><testcase classname="backend.tests.test_rbac_matrix.TestDriverRBAC" name="test_forbidden[/downtime]" time="0.092" /><testcase classname="backend.tests.test_rbac_matrix.TestDriverRBAC" name="test_forbidden[/vendors]" time="0.111" /><testcase classname="backend.tests.test_rbac_matrix.TestDriverRBAC" name="test_forbidden[/drivers]" time="0.096" /><testcase classname="backend.tests.test_rbac_matrix.TestDriverRBAC" name="test_forbidden[/search?q=MH]" time="0.128" /><testcase classname="backend.tests.test_rbac_matrix.TestDriverRBAC" name="test_allowed[/vehicles]" time="0.097" /><testcase classname="backend.tests.test_rbac_matrix.TestDriverRBAC" name="test_allowed[/trips]" time="0.096" /><testcase classname="backend.tests.test_rbac_matrix.TestDriverRBAC" name="test_allowed[/fuel]" time="0.109" /><testcase classname="backend.tests.test_rbac_matrix.TestDriverRBAC" name="test_allowed[/repairs]" time="0.116" /><testcase classname="backend.tests.test_rbac_matrix.TestDriverRBAC" name="test_allowed[/accidents]" time="0.102" /><testcase classname="backend.tests.test_rbac_matrix.TestDriverRBAC" name="test_allowed[/documents]" time="0.101" /><testcase classname="backend.tests.test_rbac_matrix.TestDriverRBAC" name="test_allowed[/drivers/active]" time="0.097" /><testcase classname="backend.tests.test_rbac_matrix.TestMaintenanceRBAC" name="test_modules" time="0.106" /><testcase classname="backend.tests.test_rbac_matrix.TestMaintenanceRBAC" name="test_apis" time="0.293" /><testcase classname="backend.tests.test_rbac_matrix.TestAccountsRBAC" name="test_modules" time="0.109" /><testcase classname="backend.tests.test_rbac_matrix.TestAccountsRBAC" name="test_apis" time="0.301" /><testcase classname="backend.tests.test_rbac_matrix.TestViewerRBAC" name="test_modules" time="0.096" /><testcase classname="backend.tests.test_rbac_matrix.TestViewerRBAC" name="test_reads_allowed" time="0.394" /><testcase classname="backend.tests.test_rbac_matrix.TestViewerRBAC" name="test_write_rejected" time="0.196" /><testcase classname="backend.tests.test_rbac_matrix.TestFleetManagerRBAC" name="test_modules" time="0.096" /><testcase classname="backend.tests.test_rbac_matrix.TestFleetManagerRBAC" name="test_apis" time="0.393" /><testcase classname="backend.tests.test_rbac_matrix.TestAdminLogin" name="test_modules_full" time="0.349" /><testcase classname="backend.tests.test_rbac_matrix.TestAdminLogin" name="test_apis" time="0.509" /><testcase classname="backend.tests.test_rbac_matrix.TestDriverWorkflowSupport" name="test_vehicle_list_for_form" time="0.361" /><testcase classname="backend.tests.test_rbac_matrix.TestDriverWorkflowSupport" name="test_drivers_active" time="1.698" /></testsuite></testsuites>